start worker.processmigration.processes.InterleaveLineProcess ../texts/fruits.txt ../texts/twitter_1k.txt interleave/out1.txt
start worker.processmigration.processes.InterleaveLineProcess ../texts/fruits.txt ../texts/shakespeare.txt interleave/out2.txt
start worker.processmigration.processes.InterleaveLineProcess ../texts/fruits.txt ../texts/scrabble.txt interleave/out3.txt
start worker.processmigration.processes.InterleaveLineProcess ../texts/fruits.txt ../texts/twitter_100k.txt interleave/out4.txt
start worker.processmigration.processes.InterleaveLineProcess ../texts/shakespeare.txt ../texts/twitter_1k.txt interleave/out5.txt
10000 migrate 0
1000 migrate 1
1000 migrate 2
1000 migrate 3
1000 migrate 4
1000 migrate 0
1000 migrate 1
1000 migrate 2
1000 migrate 3
1000 migrate 4
5000 list
5000 list
5000 list
5000 list
5000 list
5000 list